Project Information                         d:\student\d_61\lab 11\bit8reg.rpt

MAX+plus II Compiler Report File
Version 10.2 07/10/2002
Compiled: 10/27/2016 20:04:20

Copyright (C) 1988-2002 Altera Corporation
Any megafunction design, and related net list (encrypted or decrypted),
support information, device programming or simulation file, and any other
associated documentation or information provided by Altera or a partner
under Altera's Megafunction Partnership Program may be used only to
program PLD devices (but not masked PLD devices) from Altera.  Any other
use of such megafunction design, net list, support information, device
programming or simulation file, or any other related documentation or
information is prohibited for any other purpose, including, but not
limited to modification, reverse engineering, de-compiling, or use with
any other silicon devices, unless such use is explicitly licensed under
a separate agreement with Altera or a megafunction partner.  Title to
the intellectual property, including patents, copyrights, trademarks,
trade secrets, or maskworks, embodied in any such megafunction design,
net list, support information, device programming or simulation file, or
any other related documentation or information provided by Altera or a
megafunction partner, remains with Altera, the megafunction partner, or
their respective licensors.  No other licenses, including any licenses
needed under any third party's intellectual property, are provided herein.



***** Project compilation was successful




** DEVICE SUMMARY **

Chip/                     Input   Output   Bidir         Shareable
POF       Device          Pins    Pins     Pins     LCs  Expanders  % Utilized

bit8reg   EPM7032LC44-6    9        8        0      8       0           25 %

User Pins:                 9        8        0  



Project Information                         d:\student\d_61\lab 11\bit8reg.rpt

** PROJECT COMPILATION MESSAGES **

Warning: Ignored unnecessary INPUT pin 'reset'


Project Information                         d:\student\d_61\lab 11\bit8reg.rpt

** FILE HIERARCHY **



|dflipflop:stage0|
|dflipflop:stage1|
|dflipflop:stage2|
|dflipflop:stage3|
|dflipflop:stage4|
|dflipflop:stage5|
|dflipflop:stage6|
|dflipflop:stage7|


Device-Specific Information:                d:\student\d_61\lab 11\bit8reg.rpt
bit8reg

***** Logic for device 'bit8reg' compiled without errors.




Device: EPM7032LC44-6

Device Options:
    Turbo Bit                                    = ON
    Security Bit                                 = OFF

                                               
                                               
                                               
                                               
                                               
              i  i  c  V  G  G  G  G  G  o  o  
              n  n  l  C  N  N  N  N  N  p  p  
              6  7  k  C  D  D  D  D  D  4  3  
            -----------------------------------_ 
          /   6  5  4  3  2  1 44 43 42 41 40   | 
     in5 |  7                                39 | op6 
     in4 |  8                                38 | op2 
     in3 |  9                                37 | op1 
     GND | 10                                36 | op7 
     in2 | 11                                35 | VCC 
     in1 | 12         EPM7032LC44-6          34 | op0 
     in0 | 13                                33 | op5 
RESERVED | 14                                32 | RESERVED 
     VCC | 15                                31 | RESERVED 
RESERVED | 16                                30 | GND 
RESERVED | 17                                29 | RESERVED 
         |_  18 19 20 21 22 23 24 25 26 27 28  _| 
           ------------------------------------ 
              R  R  R  R  G  V  R  R  R  R  R  
              E  E  E  E  N  C  E  E  E  E  E  
              S  S  S  S  D  C  S  S  S  S  S  
              E  E  E  E        E  E  E  E  E  
              R  R  R  R        R  R  R  R  R  
              V  V  V  V        V  V  V  V  V  
              E  E  E  E        E  E  E  E  E  
              D  D  D  D        D  D  D  D  D  


N.C. = No Connect. This pin has no internal connection to the device.
VCC = Dedicated power pin, which MUST be connected to VCC.
GND = Dedicated ground pin or unused dedicated input, which MUST be connected to GND.
RESERVED = Unused I/O pin, which MUST be left unconnected.



Device-Specific Information:                d:\student\d_61\lab 11\bit8reg.rpt
bit8reg

** RESOURCE USAGE **

                                                Shareable     External
Logic Array Block     Logic Cells   I/O Pins    Expanders   Interconnect

A:     LC1 - LC16     0/16(  0%)   9/16( 56%)   0/16(  0%)   0/36(  0%) 
B:    LC17 - LC32     8/16( 50%)   8/16( 50%)   0/16(  0%)   9/36( 25%) 


Total dedicated input pins used:                 0/4      (  0%)
Total I/O pins used:                            17/32     ( 53%)
Total logic cells used:                          8/32     ( 25%)
Total shareable expanders used:                  0/32     (  0%)
Total Turbo logic cells used:                    8/32     ( 25%)
Total shareable expanders not available (n/a):   0/32     (  0%)
Average fan-in:                                  2.00
Total fan-in:                                    16

Total input pins required:                       9
Total output pins required:                      8
Total bidirectional pins required:               0
Total logic cells required:                      8
Total flipflops required:                        8
Total product terms required:                   16
Total logic cells lending parallel expanders:    0
Total shareable expanders in database:           0

Synthesized logic cells:                         0/  32   (  0%)



Device-Specific Information:                d:\student\d_61\lab 11\bit8reg.rpt
bit8reg

** INPUTS **

                                         Shareable
                                         Expanders     Fan-In    Fan-Out
 Pin     LC  LAB  Primitive    Code   Total Shared n/a INP  FBK  OUT  FBK  Name
   4    (1)  (A)      INPUT               0      0   0    0    0    8    0  clk
  13    (9)  (A)      INPUT               0      0   0    0    0    1    0  in0
  12    (8)  (A)      INPUT               0      0   0    0    0    1    0  in1
  11    (7)  (A)      INPUT               0      0   0    0    0    1    0  in2
   9    (6)  (A)      INPUT               0      0   0    0    0    1    0  in3
   8    (5)  (A)      INPUT               0      0   0    0    0    1    0  in4
   7    (4)  (A)      INPUT               0      0   0    0    0    1    0  in5
   6    (3)  (A)      INPUT               0      0   0    0    0    1    0  in6
   5    (2)  (A)      INPUT               0      0   0    0    0    1    0  in7


Code:

s = Synthesized pin or logic cell
t = Turbo logic cell
+ = Synchronous flipflop
! = NOT gate push-back
r = Fitter-inserted logic cell


Device-Specific Information:                d:\student\d_61\lab 11\bit8reg.rpt
bit8reg

** OUTPUTS **

                                         Shareable
                                         Expanders     Fan-In    Fan-Out
 Pin     LC  LAB  Primitive    Code   Total Shared n/a INP  FBK  OUT  FBK  Name
  34     23    B         FF      t        0      0   0    2    0    0    0  op0
  37     21    B         FF      t        0      0   0    2    0    0    0  op1
  38     20    B         FF      t        0      0   0    2    0    0    0  op2
  40     18    B         FF      t        0      0   0    2    0    0    0  op3
  41     17    B         FF      t        0      0   0    2    0    0    0  op4
  33     24    B         FF      t        0      0   0    2    0    0    0  op5
  39     19    B         FF      t        0      0   0    2    0    0    0  op6
  36     22    B         FF      t        0      0   0    2    0    0    0  op7


Code:

s = Synthesized pin or logic cell
t = Turbo logic cell
+ = Synchronous flipflop
! = NOT gate push-back
r = Fitter-inserted logic cell


Device-Specific Information:                d:\student\d_61\lab 11\bit8reg.rpt
bit8reg

** LOGIC CELL INTERCONNECTIONS **

Logic Array Block 'B':

                         Logic cells placed in LAB 'B'
        +--------------- LC23 op0
        | +------------- LC21 op1
        | | +----------- LC20 op2
        | | | +--------- LC18 op3
        | | | | +------- LC17 op4
        | | | | | +----- LC24 op5
        | | | | | | +--- LC19 op6
        | | | | | | | +- LC22 op7
        | | | | | | | | 
        | | | | | | | |   Other LABs fed by signals
        | | | | | | | |   that feed LAB 'B'
LC      | | | | | | | | | A B |     Logic cells that feed LAB 'B':

Pin
4    -> * * * * * * * * | - * | <-- clk
13   -> * - - - - - - - | - * | <-- in0
12   -> - * - - - - - - | - * | <-- in1
11   -> - - * - - - - - | - * | <-- in2
9    -> - - - * - - - - | - * | <-- in3
8    -> - - - - * - - - | - * | <-- in4
7    -> - - - - - * - - | - * | <-- in5
6    -> - - - - - - * - | - * | <-- in6
5    -> - - - - - - - * | - * | <-- in7


* = The logic cell or pin is an input to the logic cell (or LAB) through the PIA.
- = The logic cell or pin is not an input to the logic cell (or LAB).


Device-Specific Information:                d:\student\d_61\lab 11\bit8reg.rpt
bit8reg

** EQUATIONS **

clk      : INPUT;
in0      : INPUT;
in1      : INPUT;
in2      : INPUT;
in3      : INPUT;
in4      : INPUT;
in5      : INPUT;
in6      : INPUT;
in7      : INPUT;

-- Node name is 'op0' = '|dflipflop:stage0|:7' 
-- Equation name is 'op0', type is output 
 op0     = DFFE( in0 $  GND, !clk,  VCC,  VCC,  VCC);

-- Node name is 'op1' = '|dflipflop:stage1|:7' 
-- Equation name is 'op1', type is output 
 op1     = DFFE( in1 $  GND, !clk,  VCC,  VCC,  VCC);

-- Node name is 'op2' = '|dflipflop:stage2|:7' 
-- Equation name is 'op2', type is output 
 op2     = DFFE( in2 $  GND, !clk,  VCC,  VCC,  VCC);

-- Node name is 'op3' = '|dflipflop:stage3|:7' 
-- Equation name is 'op3', type is output 
 op3     = DFFE( in3 $  GND, !clk,  VCC,  VCC,  VCC);

-- Node name is 'op4' = '|dflipflop:stage4|:7' 
-- Equation name is 'op4', type is output 
 op4     = DFFE( in4 $  GND, !clk,  VCC,  VCC,  VCC);

-- Node name is 'op5' = '|dflipflop:stage5|:7' 
-- Equation name is 'op5', type is output 
 op5     = DFFE( in5 $  GND, !clk,  VCC,  VCC,  VCC);

-- Node name is 'op6' = '|dflipflop:stage6|:7' 
-- Equation name is 'op6', type is output 
 op6     = DFFE( in6 $  GND, !clk,  VCC,  VCC,  VCC);

-- Node name is 'op7' = '|dflipflop:stage7|:7' 
-- Equation name is 'op7', type is output 
 op7     = DFFE( in7 $  GND, !clk,  VCC,  VCC,  VCC);



--     Shareable expanders that are duplicated in multiple LABs:
--     (none)




Project Information                         d:\student\d_61\lab 11\bit8reg.rpt

** COMPILATION SETTINGS & TIMES **

Processing Menu Commands
------------------------

Design Doctor                             = off

Logic Synthesis:

   Synthesis Type Used                    = Standard

   Default Synthesis Style                = NORMAL

      Logic option settings in 'NORMAL' style for 'MAX7000' family

      DECOMPOSE_GATES                     = on
      DUPLICATE_LOGIC_EXTRACTION          = on
      MINIMIZATION                        = full
      MULTI_LEVEL_FACTORING               = on
      NOT_GATE_PUSH_BACK                  = on
      PARALLEL_EXPANDERS                  = off
      REDUCE_LOGIC                        = on
      REFACTORIZATION                     = on
      REGISTER_OPTIMIZATION               = on
      RESYNTHESIZE_NETWORK                = on
      SLOW_SLEW_RATE                      = off
      SOFT_BUFFER_INSERTION               = on
      SUBFACTOR_EXTRACTION                = on
      TURBO_BIT                           = on
      XOR_SYNTHESIS                       = on
      IGNORE_SOFT_BUFFERS                 = off
      USE_LPM_FOR_AHDL_OPERATORS          = off

   Other logic synthesis settings:

      Automatic Global Clock              = on
      Automatic Global Clear              = on
      Automatic Global Preset             = on
      Automatic Global Output Enable      = on
      Automatic Fast I/O                  = off
      Automatic Register Packing          = off
      Automatic Open-Drain Pins           = on
      Automatic Implement in EAB          = off
      One-Hot State Machine Encoding      = off
      Optimize                            = 5

Default Timing Specifications: None

Cut All Bidir Feedback Timing Paths       = on
Cut All Clear & Preset Timing Paths       = on

Ignore Timing Assignments                 = on

Functional SNF Extractor                  = off

Linked SNF Extractor                      = off
Timing SNF Extractor                      = on
Optimize Timing SNF                       = off
Generate AHDL TDO File                    = off
Fitter Settings                           = NORMAL
Smart Recompile                           = off
Total Recompile                           = off

Interfaces Menu Commands
------------------------

EDIF Netlist Writer                       = off
Verilog Netlist Writer                    = off
VHDL Netlist Writer                       = off

Compilation Times
-----------------

   Compiler Netlist Extractor             00:00:00
   Database Builder                       00:00:00
   Logic Synthesizer                      00:00:00
   Partitioner                            00:00:00
   Fitter                                 00:00:00
   Timing SNF Extractor                   00:00:00
   Assembler                              00:00:00
   --------------------------             --------
   Total Time                             00:00:00


Memory Allocated
-----------------

Peak memory allocated during compilation  = 3,872K
